# JRE version: Java(TM) SE Runtime Environment 18.9 (11.0.8+10) (build 11.0.8+10-LTS)
# Java VM: Java HotSpot(TM) 64-Bit Server VM 18.9 (11.0.8+10-LTS, mixed mode, tiered, compressed oops, g1 gc, windows-amd64)
Heap:
 garbage-first heap   total 262144K, used 21294K [0x0000000080000000, 0x0000000100000000)
  region size 1024K, 6 young (6144K), 3 survivors (3072K)
 Metaspace       used 27301K, capacity 28005K, committed 28156K, reserved 1073152K
  class space    used 3598K, capacity 3853K, committed 3916K, reserved 1048576K
GC Heap History (8 events):
Event: 0.543 GC heap before
{Heap before GC invocations=0 (full 0):
 garbage-first heap   total 262144K, used 17408K [0x0000000080000000, 0x0000000100000000)
  region size 1024K, 14 young (14336K), 0 survivors (0K)
 Metaspace       used 6750K, capacity 6929K, committed 7168K, reserved 1056768K
  class space    used 584K, capacity 650K, committed 768K, reserved 1048576K
}
Event: 0.546 GC heap after
{Heap after GC invocations=1 (full 0):
 garbage-first heap   total 262144K, used 3921K [0x0000000080000000, 0x0000000100000000)
  region size 1024K, 2 young (2048K), 2 survivors (2048K)
 Metaspace       used 6750K, capacity 6929K, committed 7168K, reserved 1056768K
  class space    used 584K, capacity 650K, committed 768K, reserved 1048576K
}
Event: 12.747 GC heap before
{Heap before GC invocations=1 (full 0):
 garbage-first heap   total 262144K, used 112465K [0x0000000080000000, 0x0000000100000000)
  region size 1024K, 105 young (107520K), 2 survivors (2048K)
 Metaspace       used 20287K, capacity 20735K, committed 20864K, reserved 1067008K
  class space    used 2427K, capacity 2567K, committed 2688K, reserved 1048576K
}
Event: 12.756 GC heap after
{Heap after GC invocations=2 (full 0):
 garbage-first heap   total 262144K, used 16719K [0x0000000080000000, 0x0000000100000000)
  region size 1024K, 12 young (12288K), 12 survivors (12288K)
 Metaspace       used 20287K, capacity 20735K, committed 20864K, reserved 1067008K
  class space    used 2427K, capacity 2567K, committed 2688K, reserved 1048576K
}
Event: 13.373 GC heap before
{Heap before GC invocations=2 (full 0):
 garbage-first heap   total 262144K, used 25935K [0x0000000080000000, 0x0000000100000000)
  region size 1024K, 22 young (22528K), 12 survivors (12288K)
 Metaspace       used 20841K, capacity 21219K, committed 21296K, reserved 1069056K
  class space    used 2535K, capacity 2664K, committed 2688K, reserved 1048576K
}
Event: 13.397 GC heap after
{Heap after GC invocations=3 (full 0):
 garbage-first heap   total 262144K, used 17561K [0x0000000080000000, 0x0000000100000000)
  region size 1024K, 1 young (1024K), 1 survivors (1024K)
 Metaspace       used 20841K, capacity 21219K, committed 21296K, reserved 1069056K
  class space    used 2535K, capacity 2664K, committed 2688K, reserved 1048576K
}
Event: 19.177 GC heap before
{Heap before GC invocations=4 (full 0):
 garbage-first heap   total 262144K, used 73881K [0x0000000080000000, 0x0000000100000000)
  region size 1024K, 57 young (58368K), 1 survivors (1024K)
 Metaspace       used 26909K, capacity 27599K, committed 27900K, reserved 1073152K
  class space    used 3540K, capacity 3803K, committed 3916K, reserved 1048576K
}
Event: 19.180 GC heap after
{Heap after GC invocations=5 (full 0):
 garbage-first heap   total 262144K, used 19246K [0x0000000080000000, 0x0000000100000000)
  region size 1024K, 3 young (3072K), 3 survivors (3072K)
 Metaspace       used 26909K, capacity 27599K, committed 27900K, reserved 1073152K
  class space    used 3540K, capacity 3803K, committed 3916K, reserved 1048576K
}

